This file contains any messages produced by compilers while
running configure, to aid debugging if configure makes a mistake.

It was created by ID3 Tag configure 0.15.1b, which was
generated by GNU Autoconf 2.59.  Invocation command line was

  $ configure --disable-dependency-tracking

## --------- ##
## Platform. ##
## --------- ##

hostname = bubba-work
uname -m = ppc
uname -r = 2.6.33-rc6-wl-47376-g064c35b-dirty
uname -s = Linux
uname -v = #2 Sat Feb 6 13:58:56 CET 2010

/usr/bin/uname -p = unknown
/bin/uname -X     = unknown

/bin/arch              = ppc
/usr/bin/arch -k       = unknown
/usr/convex/getsysinfo = unknown
hostinfo               = unknown
/bin/machine           = unknown
/usr/bin/oslevel       = unknown
/bin/universe          = unknown

PATH: /usr/sbin
PATH: /usr/bin
PATH: /sbin
PATH: /bin
PATH: /usr/bin/X11


## ----------- ##
## Core tests. ##
## ----------- ##

configure:1559: checking for a BSD-compatible install
configure:1614: result: /usr/bin/install -c
configure:1625: checking whether build environment is sane
configure:1668: result: yes
configure:1725: checking for gawk
configure:1754: result: no
configure:1725: checking for mawk
configure:1741: found /usr/bin/mawk
configure:1751: result: mawk
configure:1761: checking whether make sets $(MAKE)
configure:1781: result: yes
configure:1956: checking build system type
configure:1974: result: powerpc-unknown-linux-gnu
configure:1982: checking host system type
configure:1996: result: powerpc-unknown-linux-gnu
configure:2052: checking for gcc
configure:2078: result: cc
configure:2322: checking for C compiler version
configure:2325: cc --version </dev/null >&5
cc (GCC) 4.1.2 20061115 (prerelease) (Debian 4.1.1-21)
Copyright (C) 2006 Free Software Foundation, Inc.
This is free software; see the source for copying conditions.  There is NO
warranty; not even for MERCHANTABILITY or FITNESS FOR A PARTICULAR PURPOSE.

configure:2328: $? = 0
configure:2330: cc -v </dev/null >&5
Using built-in specs.
Target: powerpc-linux-gnu
Configured with: ../src/configure -v --enable-languages=c,c++,fortran,objc,obj-c++,treelang --prefix=/usr --enable-shared --with-system-zlib --libexecdir=/usr/lib --without-included-gettext --enable-threads=posix --enable-nls --program-suffix=-4.1 --enable-__cxa_atexit --enable-clocale=gnu --enable-libstdcxx-debug --enable-mpfr --disable-softfloat --enable-targets=powerpc-linux,powerpc64-linux --with-cpu=default32 --enable-checking=release powerpc-linux-gnu
Thread model: posix
gcc version 4.1.2 20061115 (prerelease) (Debian 4.1.1-21)
configure:2333: $? = 0
configure:2335: cc -V </dev/null >&5
cc: '-V' option must have argument
configure:2338: $? = 1
configure:2361: checking for C compiler default output file name
configure:2364: cc -O2 -D_REENTRANT -D_GNU_SOURCE -DTHREADS_HAVE_PIDS -DDEBIAN -fno-strict-aliasing -pipe -I/usr/local/include -D_LARGEFILE_SOURCE -D_FILE_OFFSET_BITS=64 -fPIC  -L/usr/local/lib conftest.c  >&5
configure:2367: $? = 0
configure:2413: result: a.out
configure:2418: checking whether the C compiler works
configure:2424: ./a.out
configure:2427: $? = 0
configure:2444: result: yes
configure:2451: checking whether we are cross compiling
configure:2453: result: no
configure:2456: checking for suffix of executables
configure:2458: cc -o conftest -O2 -D_REENTRANT -D_GNU_SOURCE -DTHREADS_HAVE_PIDS -DDEBIAN -fno-strict-aliasing -pipe -I/usr/local/include -D_LARGEFILE_SOURCE -D_FILE_OFFSET_BITS=64 -fPIC  -L/usr/local/lib conftest.c  >&5
configure:2461: $? = 0
configure:2486: result: 
configure:2492: checking for suffix of object files
configure:2513: cc -c -O2 -D_REENTRANT -D_GNU_SOURCE -DTHREADS_HAVE_PIDS -DDEBIAN -fno-strict-aliasing -pipe -I/usr/local/include -D_LARGEFILE_SOURCE -D_FILE_OFFSET_BITS=64 -fPIC  conftest.c >&5
configure:2516: $? = 0
configure:2538: result: o
configure:2542: checking whether we are using the GNU C compiler
configure:2566: cc -c -O2 -D_REENTRANT -D_GNU_SOURCE -DTHREADS_HAVE_PIDS -DDEBIAN -fno-strict-aliasing -pipe -I/usr/local/include -D_LARGEFILE_SOURCE -D_FILE_OFFSET_BITS=64 -fPIC  conftest.c >&5
configure:2572: $? = 0
configure:2575: test -z 			 || test ! -s conftest.err
configure:2578: $? = 0
configure:2581: test -s conftest.o
configure:2584: $? = 0
configure:2597: result: yes
configure:2603: checking whether cc accepts -g
configure:2624: cc -c -g  conftest.c >&5
configure:2630: $? = 0
configure:2633: test -z 			 || test ! -s conftest.err
configure:2636: $? = 0
configure:2639: test -s conftest.o
configure:2642: $? = 0
configure:2653: result: yes
configure:2670: checking for cc option to accept ANSI C
configure:2740: cc  -c -O2 -D_REENTRANT -D_GNU_SOURCE -DTHREADS_HAVE_PIDS -DDEBIAN -fno-strict-aliasing -pipe -I/usr/local/include -D_LARGEFILE_SOURCE -D_FILE_OFFSET_BITS=64 -fPIC  conftest.c >&5
configure:2746: $? = 0
configure:2749: test -z 			 || test ! -s conftest.err
configure:2752: $? = 0
configure:2755: test -s conftest.o
configure:2758: $? = 0
configure:2776: result: none needed
configure:2794: cc -c -O2 -D_REENTRANT -D_GNU_SOURCE -DTHREADS_HAVE_PIDS -DDEBIAN -fno-strict-aliasing -pipe -I/usr/local/include -D_LARGEFILE_SOURCE -D_FILE_OFFSET_BITS=64 -fPIC  conftest.c >&5
conftest.c:2: error: expected '=', ',', ';', 'asm' or '__attribute__' before 'me'
configure:2800: $? = 1
configure: failed program was:
| #ifndef __cplusplus
|   choke me
| #endif
configure:2941: checking for style of include used by make
configure:2969: result: GNU
configure:2997: checking dependency style of cc
configure:3080: result: none
configure:3185: checking for a sed that does not truncate output
configure:3239: result: /bin/sed
configure:3242: checking for egrep
configure:3252: result: grep -E
configure:3268: checking for ld used by cc
configure:3335: result: /usr/bin/ld
configure:3344: checking if the linker (/usr/bin/ld) is GNU ld
configure:3359: result: yes
configure:3364: checking for /usr/bin/ld option to reload object files
configure:3371: result: -r
configure:3380: checking for BSD-compatible nm
configure:3422: result: /usr/bin/nm -B
configure:3426: checking whether ln -s works
configure:3430: result: yes
configure:3437: checking how to recognise dependent libraries
configure:3611: result: pass_all
configure:3696: cc -c -O2 -D_REENTRANT -D_GNU_SOURCE -DTHREADS_HAVE_PIDS -DDEBIAN -fno-strict-aliasing -pipe -I/usr/local/include -D_LARGEFILE_SOURCE -D_FILE_OFFSET_BITS=64 -fPIC  conftest.c >&5
configure:3699: $? = 0
configure:3824: checking how to run the C preprocessor
configure:3859: cc -E  conftest.c
configure:3865: $? = 0
configure:3897: cc -E  conftest.c
conftest.c:11:28: error: ac_nonexistent.h: No such file or directory
configure:3903: $? = 1
configure: failed program was:
| /* confdefs.h.  */
| 
| #define PACKAGE_NAME "ID3 Tag"
| #define PACKAGE_TARNAME "libid3tag"
| #define PACKAGE_VERSION "0.15.1b"
| #define PACKAGE_STRING "ID3 Tag 0.15.1b"
| #define PACKAGE_BUGREPORT "support@underbit.com"
| #define PACKAGE "libid3tag"
| #define VERSION "0.15.1b"
| /* end confdefs.h.  */
| #include <ac_nonexistent.h>
configure:3942: result: cc -E
configure:3966: cc -E  conftest.c
configure:3972: $? = 0
configure:4004: cc -E  conftest.c
conftest.c:11:28: error: ac_nonexistent.h: No such file or directory
configure:4010: $? = 1
configure: failed program was:
| /* confdefs.h.  */
| 
| #define PACKAGE_NAME "ID3 Tag"
| #define PACKAGE_TARNAME "libid3tag"
| #define PACKAGE_VERSION "0.15.1b"
| #define PACKAGE_STRING "ID3 Tag 0.15.1b"
| #define PACKAGE_BUGREPORT "support@underbit.com"
| #define PACKAGE "libid3tag"
| #define VERSION "0.15.1b"
| /* end confdefs.h.  */
| #include <ac_nonexistent.h>
configure:4054: checking for ANSI C header files
configure:4079: cc -c -O2 -D_REENTRANT -D_GNU_SOURCE -DTHREADS_HAVE_PIDS -DDEBIAN -fno-strict-aliasing -pipe -I/usr/local/include -D_LARGEFILE_SOURCE -D_FILE_OFFSET_BITS=64 -fPIC  conftest.c >&5
configure:4085: $? = 0
configure:4088: test -z 			 || test ! -s conftest.err
configure:4091: $? = 0
configure:4094: test -s conftest.o
configure:4097: $? = 0
configure:4186: cc -o conftest -O2 -D_REENTRANT -D_GNU_SOURCE -DTHREADS_HAVE_PIDS -DDEBIAN -fno-strict-aliasing -pipe -I/usr/local/include -D_LARGEFILE_SOURCE -D_FILE_OFFSET_BITS=64 -fPIC  -L/usr/local/lib conftest.c  >&5
conftest.c: In function 'main':
conftest.c:28: warning: incompatible implicit declaration of built-in function 'exit'
configure:4189: $? = 0
configure:4191: ./conftest
configure:4194: $? = 0
configure:4209: result: yes
configure:4233: checking for sys/types.h
configure:4249: cc -c -O2 -D_REENTRANT -D_GNU_SOURCE -DTHREADS_HAVE_PIDS -DDEBIAN -fno-strict-aliasing -pipe -I/usr/local/include -D_LARGEFILE_SOURCE -D_FILE_OFFSET_BITS=64 -fPIC  conftest.c >&5
configure:4255: $? = 0
configure:4258: test -z 			 || test ! -s conftest.err
configure:4261: $? = 0
configure:4264: test -s conftest.o
configure:4267: $? = 0
configure:4278: result: yes
configure:4233: checking for sys/stat.h
configure:4249: cc -c -O2 -D_REENTRANT -D_GNU_SOURCE -DTHREADS_HAVE_PIDS -DDEBIAN -fno-strict-aliasing -pipe -I/usr/local/include -D_LARGEFILE_SOURCE -D_FILE_OFFSET_BITS=64 -fPIC  conftest.c >&5
configure:4255: $? = 0
configure:4258: test -z 			 || test ! -s conftest.err
configure:4261: $? = 0
configure:4264: test -s conftest.o
configure:4267: $? = 0
configure:4278: result: yes
configure:4233: checking for stdlib.h
configure:4249: cc -c -O2 -D_REENTRANT -D_GNU_SOURCE -DTHREADS_HAVE_PIDS -DDEBIAN -fno-strict-aliasing -pipe -I/usr/local/include -D_LARGEFILE_SOURCE -D_FILE_OFFSET_BITS=64 -fPIC  conftest.c >&5
configure:4255: $? = 0
configure:4258: test -z 			 || test ! -s conftest.err
configure:4261: $? = 0
configure:4264: test -s conftest.o
configure:4267: $? = 0
configure:4278: result: yes
configure:4233: checking for string.h
configure:4249: cc -c -O2 -D_REENTRANT -D_GNU_SOURCE -DTHREADS_HAVE_PIDS -DDEBIAN -fno-strict-aliasing -pipe -I/usr/local/include -D_LARGEFILE_SOURCE -D_FILE_OFFSET_BITS=64 -fPIC  conftest.c >&5
configure:4255: $? = 0
configure:4258: test -z 			 || test ! -s conftest.err
configure:4261: $? = 0
configure:4264: test -s conftest.o
configure:4267: $? = 0
configure:4278: result: yes
configure:4233: checking for memory.h
configure:4249: cc -c -O2 -D_REENTRANT -D_GNU_SOURCE -DTHREADS_HAVE_PIDS -DDEBIAN -fno-strict-aliasing -pipe -I/usr/local/include -D_LARGEFILE_SOURCE -D_FILE_OFFSET_BITS=64 -fPIC  conftest.c >&5
configure:4255: $? = 0
configure:4258: test -z 			 || test ! -s conftest.err
configure:4261: $? = 0
configure:4264: test -s conftest.o
configure:4267: $? = 0
configure:4278: result: yes
configure:4233: checking for strings.h
configure:4249: cc -c -O2 -D_REENTRANT -D_GNU_SOURCE -DTHREADS_HAVE_PIDS -DDEBIAN -fno-strict-aliasing -pipe -I/usr/local/include -D_LARGEFILE_SOURCE -D_FILE_OFFSET_BITS=64 -fPIC  conftest.c >&5
configure:4255: $? = 0
configure:4258: test -z 			 || test ! -s conftest.err
configure:4261: $? = 0
configure:4264: test -s conftest.o
configure:4267: $? = 0
configure:4278: result: yes
configure:4233: checking for inttypes.h
configure:4249: cc -c -O2 -D_REENTRANT -D_GNU_SOURCE -DTHREADS_HAVE_PIDS -DDEBIAN -fno-strict-aliasing -pipe -I/usr/local/include -D_LARGEFILE_SOURCE -D_FILE_OFFSET_BITS=64 -fPIC  conftest.c >&5
configure:4255: $? = 0
configure:4258: test -z 			 || test ! -s conftest.err
configure:4261: $? = 0
configure:4264: test -s conftest.o
configure:4267: $? = 0
configure:4278: result: yes
configure:4233: checking for stdint.h
configure:4249: cc -c -O2 -D_REENTRANT -D_GNU_SOURCE -DTHREADS_HAVE_PIDS -DDEBIAN -fno-strict-aliasing -pipe -I/usr/local/include -D_LARGEFILE_SOURCE -D_FILE_OFFSET_BITS=64 -fPIC  conftest.c >&5
configure:4255: $? = 0
configure:4258: test -z 			 || test ! -s conftest.err
configure:4261: $? = 0
configure:4264: test -s conftest.o
configure:4267: $? = 0
configure:4278: result: yes
configure:4233: checking for unistd.h
configure:4249: cc -c -O2 -D_REENTRANT -D_GNU_SOURCE -DTHREADS_HAVE_PIDS -DDEBIAN -fno-strict-aliasing -pipe -I/usr/local/include -D_LARGEFILE_SOURCE -D_FILE_OFFSET_BITS=64 -fPIC  conftest.c >&5
configure:4255: $? = 0
configure:4258: test -z 			 || test ! -s conftest.err
configure:4261: $? = 0
configure:4264: test -s conftest.o
configure:4267: $? = 0
configure:4278: result: yes
configure:4304: checking dlfcn.h usability
configure:4316: cc -c -O2 -D_REENTRANT -D_GNU_SOURCE -DTHREADS_HAVE_PIDS -DDEBIAN -fno-strict-aliasing -pipe -I/usr/local/include -D_LARGEFILE_SOURCE -D_FILE_OFFSET_BITS=64 -fPIC  conftest.c >&5
configure:4322: $? = 0
configure:4325: test -z 			 || test ! -s conftest.err
configure:4328: $? = 0
configure:4331: test -s conftest.o
configure:4334: $? = 0
configure:4344: result: yes
configure:4348: checking dlfcn.h presence
configure:4358: cc -E  conftest.c
configure:4364: $? = 0
configure:4384: result: yes
configure:4419: checking for dlfcn.h
configure:4426: result: yes
configure:4491: checking for g++
configure:4507: found /usr/bin/g++
configure:4517: result: g++
configure:4533: checking for C++ compiler version
configure:4536: g++ --version </dev/null >&5
g++ (GCC) 4.1.2 20061115 (prerelease) (Debian 4.1.1-21)
Copyright (C) 2006 Free Software Foundation, Inc.
This is free software; see the source for copying conditions.  There is NO
warranty; not even for MERCHANTABILITY or FITNESS FOR A PARTICULAR PURPOSE.

configure:4539: $? = 0
configure:4541: g++ -v </dev/null >&5
Using built-in specs.
Target: powerpc-linux-gnu
Configured with: ../src/configure -v --enable-languages=c,c++,fortran,objc,obj-c++,treelang --prefix=/usr --enable-shared --with-system-zlib --libexecdir=/usr/lib --without-included-gettext --enable-threads=posix --enable-nls --program-suffix=-4.1 --enable-__cxa_atexit --enable-clocale=gnu --enable-libstdcxx-debug --enable-mpfr --disable-softfloat --enable-targets=powerpc-linux,powerpc64-linux --with-cpu=default32 --enable-checking=release powerpc-linux-gnu
Thread model: posix
gcc version 4.1.2 20061115 (prerelease) (Debian 4.1.1-21)
configure:4544: $? = 0
configure:4546: g++ -V </dev/null >&5
g++: '-V' option must have argument
configure:4549: $? = 1
configure:4552: checking whether we are using the GNU C++ compiler
configure:4576: g++ -c   conftest.cc >&5
configure:4582: $? = 0
configure:4585: test -z 			 || test ! -s conftest.err
configure:4588: $? = 0
configure:4591: test -s conftest.o
configure:4594: $? = 0
configure:4607: result: yes
configure:4613: checking whether g++ accepts -g
configure:4634: g++ -c -g  conftest.cc >&5
configure:4640: $? = 0
configure:4643: test -z 			 || test ! -s conftest.err
configure:4646: $? = 0
configure:4649: test -s conftest.o
configure:4652: $? = 0
configure:4663: result: yes
configure:4705: g++ -c -g -O2  conftest.cc >&5
configure:4711: $? = 0
configure:4714: test -z 			 || test ! -s conftest.err
configure:4717: $? = 0
configure:4720: test -s conftest.o
configure:4723: $? = 0
configure:4749: g++ -c -g -O2  conftest.cc >&5
conftest.cc: In function 'int main()':
conftest.cc:26: error: 'exit' was not declared in this scope
configure:4755: $? = 1
configure: failed program was:
| /* confdefs.h.  */
| 
| #define PACKAGE_NAME "ID3 Tag"
| #define PACKAGE_TARNAME "libid3tag"
| #define PACKAGE_VERSION "0.15.1b"
| #define PACKAGE_STRING "ID3 Tag 0.15.1b"
| #define PACKAGE_BUGREPORT "support@underbit.com"
| #define PACKAGE "libid3tag"
| #define VERSION "0.15.1b"
| #define STDC_HEADERS 1
| #define HAVE_SYS_TYPES_H 1
| #define HAVE_SYS_STAT_H 1
| #define HAVE_STDLIB_H 1
| #define HAVE_STRING_H 1
| #define HAVE_MEMORY_H 1
| #define HAVE_STRINGS_H 1
| #define HAVE_INTTYPES_H 1
| #define HAVE_STDINT_H 1
| #define HAVE_UNISTD_H 1
| #define HAVE_DLFCN_H 1
| /* end confdefs.h.  */
| 
| int
| main ()
| {
| exit (42);
|   ;
|   return 0;
| }
configure:4705: g++ -c -g -O2  conftest.cc >&5
configure:4711: $? = 0
configure:4714: test -z 			 || test ! -s conftest.err
configure:4717: $? = 0
configure:4720: test -s conftest.o
configure:4723: $? = 0
configure:4749: g++ -c -g -O2  conftest.cc >&5
configure:4755: $? = 0
configure:4758: test -z 			 || test ! -s conftest.err
configure:4761: $? = 0
configure:4764: test -s conftest.o
configure:4767: $? = 0
configure:4792: checking dependency style of g++
configure:4875: result: none
configure:4897: checking how to run the C++ preprocessor
configure:4928: g++ -E  conftest.cc
configure:4934: $? = 0
configure:4966: g++ -E  conftest.cc
conftest.cc:25:28: error: ac_nonexistent.h: No such file or directory
configure:4972: $? = 1
configure: failed program was:
| /* confdefs.h.  */
| 
| #define PACKAGE_NAME "ID3 Tag"
| #define PACKAGE_TARNAME "libid3tag"
| #define PACKAGE_VERSION "0.15.1b"
| #define PACKAGE_STRING "ID3 Tag 0.15.1b"
| #define PACKAGE_BUGREPORT "support@underbit.com"
| #define PACKAGE "libid3tag"
| #define VERSION "0.15.1b"
| #define STDC_HEADERS 1
| #define HAVE_SYS_TYPES_H 1
| #define HAVE_SYS_STAT_H 1
| #define HAVE_STDLIB_H 1
| #define HAVE_STRING_H 1
| #define HAVE_MEMORY_H 1
| #define HAVE_STRINGS_H 1
| #define HAVE_INTTYPES_H 1
| #define HAVE_STDINT_H 1
| #define HAVE_UNISTD_H 1
| #define HAVE_DLFCN_H 1
| #ifdef __cplusplus
| extern "C" void std::exit (int) throw (); using std::exit;
| #endif
| /* end confdefs.h.  */
| #include <ac_nonexistent.h>
configure:5011: result: g++ -E
configure:5035: g++ -E  conftest.cc
configure:5041: $? = 0
configure:5073: g++ -E  conftest.cc
conftest.cc:25:28: error: ac_nonexistent.h: No such file or directory
configure:5079: $? = 1
configure: failed program was:
| /* confdefs.h.  */
| 
| #define PACKAGE_NAME "ID3 Tag"
| #define PACKAGE_TARNAME "libid3tag"
| #define PACKAGE_VERSION "0.15.1b"
| #define PACKAGE_STRING "ID3 Tag 0.15.1b"
| #define PACKAGE_BUGREPORT "support@underbit.com"
| #define PACKAGE "libid3tag"
| #define VERSION "0.15.1b"
| #define STDC_HEADERS 1
| #define HAVE_SYS_TYPES_H 1
| #define HAVE_SYS_STAT_H 1
| #define HAVE_STDLIB_H 1
| #define HAVE_STRING_H 1
| #define HAVE_MEMORY_H 1
| #define HAVE_STRINGS_H 1
| #define HAVE_INTTYPES_H 1
| #define HAVE_STDINT_H 1
| #define HAVE_UNISTD_H 1
| #define HAVE_DLFCN_H 1
| #ifdef __cplusplus
| extern "C" void std::exit (int) throw (); using std::exit;
| #endif
| /* end confdefs.h.  */
| #include <ac_nonexistent.h>
configure:5174: checking for g77
configure:5203: result: no
configure:5174: checking for f77
configure:5203: result: no
configure:5174: checking for xlf
configure:5203: result: no
configure:5174: checking for frt
configure:5203: result: no
configure:5174: checking for pgf77
configure:5203: result: no
configure:5174: checking for fort77
configure:5203: result: no
configure:5174: checking for fl32
configure:5203: result: no
configure:5174: checking for af77
configure:5203: result: no
configure:5174: checking for f90
configure:5203: result: no
configure:5174: checking for xlf90
configure:5203: result: no
configure:5174: checking for pgf90
configure:5203: result: no
configure:5174: checking for epcf90
configure:5203: result: no
configure:5174: checking for f95
configure:5203: result: no
configure:5174: checking for fort
configure:5203: result: no
configure:5174: checking for xlf95
configure:5203: result: no
configure:5174: checking for ifc
configure:5203: result: no
configure:5174: checking for efc
configure:5203: result: no
configure:5174: checking for pgf95
configure:5203: result: no
configure:5174: checking for lf95
configure:5203: result: no
configure:5174: checking for gfortran
configure:5203: result: no
configure:5215: checking for Fortran 77 compiler version
configure:5218:  --version </dev/null >&5
configure: line 5219: --version: command not found
configure:5221: $? = 127
configure:5223:  -v </dev/null >&5
configure: line 5224: -v: command not found
configure:5226: $? = 127
configure:5228:  -V </dev/null >&5
configure: line 5229: -V: command not found
configure:5231: $? = 127
configure:5239: checking whether we are using the GNU Fortran 77 compiler
configure:5253:  -c  conftest.F >&5
configure: line 5254: -c: command not found
configure:5259: $? = 127
configure: failed program was:
|       program main
| #ifndef __GNUC__
|        choke me
| #endif
| 
|       end
configure:5284: result: no
configure:5290: checking whether  accepts -g
configure:5302:  -c -g conftest.f >&5
configure: line 5303: -c: command not found
configure:5308: $? = 127
configure: failed program was:
|       program main
| 
|       end
configure:5332: result: no
configure:5362: checking the maximum length of command line arguments
configure:5427: result: 
configure:5438: checking command to parse /usr/bin/nm -B output from cc object
configure:5527: cc -c -O2 -D_REENTRANT -D_GNU_SOURCE -DTHREADS_HAVE_PIDS -DDEBIAN -fno-strict-aliasing -pipe -I/usr/local/include -D_LARGEFILE_SOURCE -D_FILE_OFFSET_BITS=64 -fPIC  conftest.c >&5
configure:5530: $? = 0
configure:5534: /usr/bin/nm -B conftest.o \| sed -n -e 's/^.*[ 	]\([ABCDGIRSTW][ABCDGIRSTW]*\)[ 	][ 	]*\(\)\([_A-Za-z][_A-Za-z0-9]*\)$/\1 \2\3 \3/p' \> conftest.nm
configure:5537: $? = 0
configure:5589: cc -o conftest -O2 -D_REENTRANT -D_GNU_SOURCE -DTHREADS_HAVE_PIDS -DDEBIAN -fno-strict-aliasing -pipe -I/usr/local/include -D_LARGEFILE_SOURCE -D_FILE_OFFSET_BITS=64 -fPIC  -L/usr/local/lib conftest.c conftstm.o >&5
configure:5592: $? = 0
configure:5630: result: ok
configure:5634: checking for objdir
configure:5649: result: .libs
configure:5739: checking for ar
configure:5755: found /usr/bin/ar
configure:5766: result: ar
configure:5819: checking for ranlib
configure:5835: found /usr/bin/ranlib
configure:5846: result: ranlib
configure:5899: checking for strip
configure:5915: found /usr/bin/strip
configure:5926: result: strip
configure:6188: checking if cc static flag  works
configure:6211: result: yes
configure:6229: checking if cc supports -fno-rtti -fno-exceptions
configure:6247: cc -c -O2 -D_REENTRANT -D_GNU_SOURCE -DTHREADS_HAVE_PIDS -DDEBIAN -fno-strict-aliasing -pipe -I/usr/local/include -D_LARGEFILE_SOURCE -D_FILE_OFFSET_BITS=64 -fPIC  -fno-rtti -fno-exceptions conftest.c >&5
cc1: warning: command line option "-fno-rtti" is valid for C++/ObjC++ but not for C
configure:6251: $? = 0
configure:6262: result: no
configure:6277: checking for cc option to produce PIC
configure:6454: result: -fPIC
configure:6462: checking if cc PIC flag -fPIC works
configure:6480: cc -c -O2 -D_REENTRANT -D_GNU_SOURCE -DTHREADS_HAVE_PIDS -DDEBIAN -fno-strict-aliasing -pipe -I/usr/local/include -D_LARGEFILE_SOURCE -D_FILE_OFFSET_BITS=64 -fPIC  -fPIC -DPIC conftest.c >&5
configure:6484: $? = 0
configure:6495: result: yes
configure:6519: checking if cc supports -c -o file.o
configure:6540: cc -c -O2 -D_REENTRANT -D_GNU_SOURCE -DTHREADS_HAVE_PIDS -DDEBIAN -fno-strict-aliasing -pipe -I/usr/local/include -D_LARGEFILE_SOURCE -D_FILE_OFFSET_BITS=64 -fPIC  -o out/conftest2.o conftest.c >&5
configure:6544: $? = 0
configure:6564: result: yes
configure:6590: checking whether the cc linker (/usr/bin/ld) supports shared libraries
configure:7436: result: yes
configure:7462: checking whether -lc should be explicitly linked in
configure:7467: cc -c -O2 -D_REENTRANT -D_GNU_SOURCE -DTHREADS_HAVE_PIDS -DDEBIAN -fno-strict-aliasing -pipe -I/usr/local/include -D_LARGEFILE_SOURCE -D_FILE_OFFSET_BITS=64 -fPIC  conftest.c >&5
configure:7470: $? = 0
configure:7484: cc -shared conftest.o  -v -Wl,-soname -Wl,conftest -o conftest 2\>\&1 \| grep  -lc  \>/dev/null 2\>\&1
configure:7487: $? = 0
configure:7499: result: no
configure:7507: checking dynamic linker characteristics
configure:8047: result: GNU/Linux ld.so
configure:8051: checking how to hardcode library paths into programs
configure:8076: result: immediate
configure:8090: checking whether stripping libraries is possible
configure:8095: result: yes
configure:8918: checking if libtool supports shared libraries
configure:8920: result: yes
configure:8923: checking whether to build shared libraries
configure:8981: result: yes
configure:8984: checking whether to build static libraries
configure:8988: result: yes
configure:9080: creating libtool
configure:9627: checking for ld used by g++
configure:9694: result: /usr/bin/ld
configure:9703: checking if the linker (/usr/bin/ld) is GNU ld
configure:9718: result: yes
configure:9769: checking whether the g++ linker (/usr/bin/ld) supports shared libraries
configure:10595: result: yes
configure:10613: g++ -c -g -O2  conftest.cc >&5
configure:10616: $? = 0
configure:10712: checking for g++ option to produce PIC
configure:10964: result: -fPIC
configure:10972: checking if g++ PIC flag -fPIC works
configure:10990: g++ -c -g -O2  -fPIC -DPIC conftest.cc >&5
configure:10994: $? = 0
configure:11005: result: yes
configure:11029: checking if g++ supports -c -o file.o
configure:11050: g++ -c -g -O2  -o out/conftest2.o conftest.cc >&5
configure:11054: $? = 0
configure:11074: result: yes
configure:11100: checking whether the g++ linker (/usr/bin/ld) supports shared libraries
configure:11125: result: yes
configure:11196: checking dynamic linker characteristics
configure:11736: result: GNU/Linux ld.so
configure:11740: checking how to hardcode library paths into programs
configure:11765: result: immediate
configure:11779: checking whether stripping libraries is possible
configure:11784: result: yes
configure:19056: checking for ANSI C header files
configure:19211: result: yes
configure:19236: checking assert.h usability
configure:19248: cc -c -Wall -D_REENTRANT -D_GNU_SOURCE -DTHREADS_HAVE_PIDS -DDEBIAN -pipe -I/usr/local/include -D_LARGEFILE_SOURCE -D_FILE_OFFSET_BITS=64  conftest.c >&5
configure:19254: $? = 0
configure:19257: test -z 			 || test ! -s conftest.err
configure:19260: $? = 0
configure:19263: test -s conftest.o
configure:19266: $? = 0
configure:19276: result: yes
configure:19280: checking assert.h presence
configure:19290: cc -E  conftest.c
configure:19296: $? = 0
configure:19316: result: yes
configure:19351: checking for assert.h
configure:19358: result: yes
configure:19227: checking for unistd.h
configure:19232: result: yes
configure:19382: checking zlib.h usability
configure:19394: cc -c -Wall -D_REENTRANT -D_GNU_SOURCE -DTHREADS_HAVE_PIDS -DDEBIAN -pipe -I/usr/local/include -D_LARGEFILE_SOURCE -D_FILE_OFFSET_BITS=64  conftest.c >&5
conftest.c:62:18: error: zlib.h: No such file or directory
configure:19400: $? = 1
configure: failed program was:
| /* confdefs.h.  */
| 
| #define PACKAGE_NAME "ID3 Tag"
| #define PACKAGE_TARNAME "libid3tag"
| #define PACKAGE_VERSION "0.15.1b"
| #define PACKAGE_STRING "ID3 Tag 0.15.1b"
| #define PACKAGE_BUGREPORT "support@underbit.com"
| #define PACKAGE "libid3tag"
| #define VERSION "0.15.1b"
| #define STDC_HEADERS 1
| #define HAVE_SYS_TYPES_H 1
| #define HAVE_SYS_STAT_H 1
| #define HAVE_STDLIB_H 1
| #define HAVE_STRING_H 1
| #define HAVE_MEMORY_H 1
| #define HAVE_STRINGS_H 1
| #define HAVE_INTTYPES_H 1
| #define HAVE_STDINT_H 1
| #define HAVE_UNISTD_H 1
| #define HAVE_DLFCN_H 1
| #ifdef __cplusplus
| extern "C" void std::exit (int) throw (); using std::exit;
| #endif
| #define STDC_HEADERS 1
| #define HAVE_ASSERT_H 1
| #define HAVE_UNISTD_H 1
| /* end confdefs.h.  */
| #include <stdio.h>
| #if HAVE_SYS_TYPES_H
| # include <sys/types.h>
| #endif
| #if HAVE_SYS_STAT_H
| # include <sys/stat.h>
| #endif
| #if STDC_HEADERS
| # include <stdlib.h>
| # include <stddef.h>
| #else
| # if HAVE_STDLIB_H
| #  include <stdlib.h>
| # endif
| #endif
| #if HAVE_STRING_H
| # if !STDC_HEADERS && HAVE_MEMORY_H
| #  include <memory.h>
| # endif
| # include <string.h>
| #endif
| #if HAVE_STRINGS_H
| # include <strings.h>
| #endif
| #if HAVE_INTTYPES_H
| # include <inttypes.h>
| #else
| # if HAVE_STDINT_H
| #  include <stdint.h>
| # endif
| #endif
| #if HAVE_UNISTD_H
| # include <unistd.h>
| #endif
| #include <zlib.h>
configure:19422: result: no
configure:19426: checking zlib.h presence
configure:19436: cc -E  conftest.c
conftest.c:28:18: error: zlib.h: No such file or directory
configure:19442: $? = 1
configure: failed program was:
| /* confdefs.h.  */
| 
| #define PACKAGE_NAME "ID3 Tag"
| #define PACKAGE_TARNAME "libid3tag"
| #define PACKAGE_VERSION "0.15.1b"
| #define PACKAGE_STRING "ID3 Tag 0.15.1b"
| #define PACKAGE_BUGREPORT "support@underbit.com"
| #define PACKAGE "libid3tag"
| #define VERSION "0.15.1b"
| #define STDC_HEADERS 1
| #define HAVE_SYS_TYPES_H 1
| #define HAVE_SYS_STAT_H 1
| #define HAVE_STDLIB_H 1
| #define HAVE_STRING_H 1
| #define HAVE_MEMORY_H 1
| #define HAVE_STRINGS_H 1
| #define HAVE_INTTYPES_H 1
| #define HAVE_STDINT_H 1
| #define HAVE_UNISTD_H 1
| #define HAVE_DLFCN_H 1
| #ifdef __cplusplus
| extern "C" void std::exit (int) throw (); using std::exit;
| #endif
| #define STDC_HEADERS 1
| #define HAVE_ASSERT_H 1
| #define HAVE_UNISTD_H 1
| /* end confdefs.h.  */
| #include <zlib.h>
configure:19462: result: no
configure:19497: checking for zlib.h
configure:19504: result: no
configure:19515: error: zlib.h was not found
*** You must first install zlib (libz) before you can build this package.
*** If zlib is already installed, you may need to use the CPPFLAGS
*** environment variable to specify its installed location, e.g. -I<dir>.

## ---------------- ##
## Cache variables. ##
## ---------------- ##

ac_cv_build=powerpc-unknown-linux-gnu
ac_cv_build_alias=powerpc-unknown-linux-gnu
ac_cv_c_compiler_gnu=yes
ac_cv_cxx_compiler_gnu=yes
ac_cv_env_CC_set=set
ac_cv_env_CC_value=cc
ac_cv_env_CFLAGS_set=set
ac_cv_env_CFLAGS_value='-O2 -D_REENTRANT -D_GNU_SOURCE -DTHREADS_HAVE_PIDS -DDEBIAN -fno-strict-aliasing -pipe -I/usr/local/include -D_LARGEFILE_SOURCE -D_FILE_OFFSET_BITS=64 -fPIC'
ac_cv_env_CPPFLAGS_set=
ac_cv_env_CPPFLAGS_value=
ac_cv_env_CPP_set=
ac_cv_env_CPP_value=
ac_cv_env_CXXCPP_set=
ac_cv_env_CXXCPP_value=
ac_cv_env_CXXFLAGS_set=
ac_cv_env_CXXFLAGS_value=
ac_cv_env_CXX_set=
ac_cv_env_CXX_value=
ac_cv_env_F77_set=
ac_cv_env_F77_value=
ac_cv_env_FFLAGS_set=
ac_cv_env_FFLAGS_value=
ac_cv_env_LDFLAGS_set=set
ac_cv_env_LDFLAGS_value=-L/usr/local/lib
ac_cv_env_build_alias_set=
ac_cv_env_build_alias_value=
ac_cv_env_host_alias_set=
ac_cv_env_host_alias_value=
ac_cv_env_target_alias_set=
ac_cv_env_target_alias_value=
ac_cv_exeext=
ac_cv_f77_compiler_gnu=no
ac_cv_header_assert_h=yes
ac_cv_header_dlfcn_h=yes
ac_cv_header_inttypes_h=yes
ac_cv_header_memory_h=yes
ac_cv_header_stdc=yes
ac_cv_header_stdint_h=yes
ac_cv_header_stdlib_h=yes
ac_cv_header_string_h=yes
ac_cv_header_strings_h=yes
ac_cv_header_sys_stat_h=yes
ac_cv_header_sys_types_h=yes
ac_cv_header_unistd_h=yes
ac_cv_header_zlib_h=no
ac_cv_host=powerpc-unknown-linux-gnu
ac_cv_host_alias=powerpc-unknown-linux-gnu
ac_cv_objext=o
ac_cv_path_install='/usr/bin/install -c'
ac_cv_prog_AWK=mawk
ac_cv_prog_CPP='cc -E'
ac_cv_prog_CXXCPP='g++ -E'
ac_cv_prog_ac_ct_AR=ar
ac_cv_prog_ac_ct_CC=cc
ac_cv_prog_ac_ct_CXX=g++
ac_cv_prog_ac_ct_RANLIB=ranlib
ac_cv_prog_ac_ct_STRIP=strip
ac_cv_prog_cc_g=yes
ac_cv_prog_cc_stdc=
ac_cv_prog_cxx_g=yes
ac_cv_prog_egrep='grep -E'
ac_cv_prog_f77_g=no
ac_cv_prog_make_make_set=yes
am_cv_CC_dependencies_compiler_type=none
am_cv_CXX_dependencies_compiler_type=none
lt_cv_deplibs_check_method=pass_all
lt_cv_file_magic_cmd='$MAGIC_CMD'
lt_cv_file_magic_test_file=
lt_cv_ld_reload_flag=-r
lt_cv_objdir=.libs
lt_cv_path_LD=/usr/bin/ld
lt_cv_path_LDCXX=/usr/bin/ld
lt_cv_path_NM='/usr/bin/nm -B'
lt_cv_path_SED=/bin/sed
lt_cv_prog_compiler_c_o=yes
lt_cv_prog_compiler_c_o_CXX=yes
lt_cv_prog_compiler_rtti_exceptions=no
lt_cv_prog_gnu_ld=yes
lt_cv_prog_gnu_ldcxx=yes
lt_cv_sys_global_symbol_pipe='sed -n -e '\''s/^.*[ 	]\([ABCDGIRSTW][ABCDGIRSTW]*\)[ 	][ 	]*\(\)\([_A-Za-z][_A-Za-z0-9]*\)$/\1 \2\3 \3/p'\'''
lt_cv_sys_global_symbol_to_c_name_address='sed -n -e '\''s/^: \([^ ]*\) $/  {\"\1\", (lt_ptr) 0},/p'\'' -e '\''s/^[BCDEGRST] \([^ ]*\) \([^ ]*\)$/  {"\2", (lt_ptr) \&\2},/p'\'''
lt_cv_sys_global_symbol_to_cdecl='sed -n -e '\''s/^. .* \(.*\)$/extern int \1;/p'\'''
lt_cv_sys_max_cmd_len=
lt_lt_cv_prog_compiler_c_o='"yes"'
lt_lt_cv_prog_compiler_c_o_CXX='"yes"'
lt_lt_cv_sys_global_symbol_pipe='"sed -n -e '\''s/^.*[ 	]\\([ABCDGIRSTW][ABCDGIRSTW]*\\)[ 	][ 	]*\\(\\)\\([_A-Za-z][_A-Za-z0-9]*\\)\$/\\1 \\2\\3 \\3/p'\''"'
lt_lt_cv_sys_global_symbol_to_c_name_address='"sed -n -e '\''s/^: \\([^ ]*\\) \$/  {\\\"\\1\\\", (lt_ptr) 0},/p'\'' -e '\''s/^[BCDEGRST] \\([^ ]*\\) \\([^ ]*\\)\$/  {\"\\2\", (lt_ptr) \\&\\2},/p'\''"'
lt_lt_cv_sys_global_symbol_to_cdecl='"sed -n -e '\''s/^. .* \\(.*\\)\$/extern int \\1;/p'\''"'

## ----------------- ##
## Output variables. ##
## ----------------- ##

ACLOCAL='${SHELL} /home/azatoth/build/libaudio-scan-perl-0.62/libid3tag/missing --run aclocal-1.8'
AMDEPBACKSLASH=''
AMDEP_FALSE=''
AMDEP_TRUE='#'
AMTAR='${SHELL} /home/azatoth/build/libaudio-scan-perl-0.62/libid3tag/missing --run tar'
AR='ar'
AUTOCONF='${SHELL} /home/azatoth/build/libaudio-scan-perl-0.62/libid3tag/missing --run autoconf'
AUTOHEADER='${SHELL} /home/azatoth/build/libaudio-scan-perl-0.62/libid3tag/missing --run autoheader'
AUTOMAKE='${SHELL} /home/azatoth/build/libaudio-scan-perl-0.62/libid3tag/missing --run automake-1.8'
AWK='mawk'
CC='cc'
CCDEPMODE='depmode=none'
CFLAGS='-Wall -D_REENTRANT -D_GNU_SOURCE -DTHREADS_HAVE_PIDS -DDEBIAN -pipe -I/usr/local/include -D_LARGEFILE_SOURCE -D_FILE_OFFSET_BITS=64'
CPP='cc -E'
CPPFLAGS=''
CXX='g++'
CXXCPP='g++ -E'
CXXDEPMODE='depmode=none'
CXXFLAGS='-g -O2'
CYGPATH_W='echo'
DEBUG_FALSE=''
DEBUG_TRUE=''
DEFS=''
DEPDIR='.deps'
ECHO='echo'
ECHO_C=''
ECHO_N='-n'
ECHO_T=''
EGREP='grep -E'
EXEEXT=''
F77=''
FFLAGS=''
INSTALL_DATA='${INSTALL} -m 644'
INSTALL_PROGRAM='${INSTALL}'
INSTALL_SCRIPT='${INSTALL}'
INSTALL_STRIP_PROGRAM='${SHELL} $(install_sh) -c -s'
LDFLAGS='-L/usr/local/lib'
LIBOBJS=''
LIBS=''
LIBTOOL='$(SHELL) $(top_builddir)/libtool'
LIBTOOL_DEPS='./ltmain.sh'
LN_S='ln -s'
LTLIBOBJS=''
MAKEINFO='${SHELL} /home/azatoth/build/libaudio-scan-perl-0.62/libid3tag/missing --run makeinfo'
OBJEXT='o'
PACKAGE='libid3tag'
PACKAGE_BUGREPORT='support@underbit.com'
PACKAGE_NAME='ID3 Tag'
PACKAGE_STRING='ID3 Tag 0.15.1b'
PACKAGE_TARNAME='libid3tag'
PACKAGE_VERSION='0.15.1b'
PATH_SEPARATOR=':'
RANLIB='ranlib'
SET_MAKE=''
SHELL='/bin/sh'
STRIP='strip'
VERSION='0.15.1b'
ac_ct_AR='ar'
ac_ct_CC='cc'
ac_ct_CXX='g++'
ac_ct_F77=''
ac_ct_RANLIB='ranlib'
ac_ct_STRIP='strip'
am__fastdepCC_FALSE=''
am__fastdepCC_TRUE='#'
am__fastdepCXX_FALSE=''
am__fastdepCXX_TRUE='#'
am__include='include'
am__leading_dot='.'
am__quote=''
bindir='${exec_prefix}/bin'
build='powerpc-unknown-linux-gnu'
build_alias=''
build_cpu='powerpc'
build_os='linux-gnu'
build_vendor='unknown'
datadir='${prefix}/share'
exec_prefix='NONE'
host='powerpc-unknown-linux-gnu'
host_alias=''
host_cpu='powerpc'
host_os='linux-gnu'
host_vendor='unknown'
includedir='${prefix}/include'
infodir='${prefix}/info'
install_sh='/home/azatoth/build/libaudio-scan-perl-0.62/libid3tag/install-sh'
libdir='${exec_prefix}/lib'
libexecdir='${exec_prefix}/libexec'
localstatedir='${prefix}/var'
mandir='${prefix}/man'
mkdir_p='mkdir -p -- .'
oldincludedir='/usr/include'
prefix='NONE'
program_transform_name='s,x,x,'
sbindir='${exec_prefix}/sbin'
sharedstatedir='${prefix}/com'
sysconfdir='${prefix}/etc'
target_alias=''

## ----------- ##
## confdefs.h. ##
## ----------- ##

#define HAVE_ASSERT_H 1
#define HAVE_DLFCN_H 1
#define HAVE_INTTYPES_H 1
#define HAVE_MEMORY_H 1
#define HAVE_STDINT_H 1
#define HAVE_STDLIB_H 1
#define HAVE_STRINGS_H 1
#define HAVE_STRING_H 1
#define HAVE_SYS_STAT_H 1
#define HAVE_SYS_TYPES_H 1
#define HAVE_UNISTD_H 1
#define HAVE_UNISTD_H 1
#define PACKAGE "libid3tag"
#define PACKAGE_BUGREPORT "support@underbit.com"
#define PACKAGE_NAME "ID3 Tag"
#define PACKAGE_STRING "ID3 Tag 0.15.1b"
#define PACKAGE_TARNAME "libid3tag"
#define PACKAGE_VERSION "0.15.1b"
#define STDC_HEADERS 1
#define STDC_HEADERS 1
#define VERSION "0.15.1b"
#endif
#ifdef __cplusplus
extern "C" void std::exit (int) throw (); using std::exit;

configure: exit 1
